<?xml version="1.0" encoding="UTF-8"?>
<!-- Generated by org.testng.reporters.JUnitReportReporter -->
<testsuite skipped="0" hostname="swati3148078" name="testClasses.FetchOrderTest" tests="2" failures="0" timestamp="16 Nov 2018 10:23:05 GMT" time="0.455" errors="0">
  <testcase name="getValidOrderResponse" time="0.231" classname="testClasses.FetchOrderTest"/>
  <testcase name="getInValidResponse" time="0.224" classname="testClasses.FetchOrderTest"/>
</testsuite> <!-- testClasses.FetchOrderTest -->
