<?xml version="1.0" encoding="UTF-8"?>
<!-- Generated by org.testng.reporters.JUnitReportReporter -->
<testsuite skipped="0" hostname="swati3148078" name="LalaMoveChallenge.APITest.PlaceOrderTest" tests="1" failures="0" timestamp="15 Nov 2018 07:12:29 GMT" time="14.164" errors="0">
  <testcase name="verifyValidResponse" time="14.164" classname="LalaMoveChallenge.APITest.PlaceOrderTest"/>
</testsuite> <!-- LalaMoveChallenge.APITest.PlaceOrderTest -->
