<?xml version="1.0" encoding="UTF-8"?>
<!-- Generated by org.testng.reporters.JUnitReportReporter -->
<testsuite skipped="0" hostname="swati3148078" name="testClasses.TakeOrderTest" tests="4" failures="0" timestamp="16 Nov 2018 10:23:05 GMT" time="1.485" errors="0">
  <testcase name="verifyValidResponse" time="0.288" classname="testClasses.TakeOrderTest"/>
  <testcase name="verifyInValidOrderResponse" time="0.536" classname="testClasses.TakeOrderTest"/>
  <testcase name="verifyInvalidFlowResponse" time="0.444" classname="testClasses.TakeOrderTest"/>
  <testcase name="verifyInvalidFlowResponseMessage" time="0.217" classname="testClasses.TakeOrderTest"/>
</testsuite> <!-- testClasses.TakeOrderTest -->
