<?xml version="1.0" encoding="UTF-8"?>
<!-- Generated by org.testng.reporters.JUnitReportReporter -->
<testsuite skipped="0" hostname="swati3148078" name="testClasses.CompleteOrderTest" tests="6" failures="0" timestamp="16 Nov 2018 10:23:05 GMT" time="2.126" errors="0">
  <testcase name="verifyValidResponse" time="0.234" classname="testClasses.CompleteOrderTest"/>
  <testcase name="verifyInValidOrderResponse" time="0.430" classname="testClasses.CompleteOrderTest"/>
  <testcase name="verifyInvalidFlowResponseMessage" time="0.223" classname="testClasses.CompleteOrderTest"/>
  <testcase name="verifyInvalidFlowResponse" time="0.407" classname="testClasses.CompleteOrderTest"/>
  <testcase name="verifyInvalidFlowResponseMessageForCancelled" time="0.421" classname="testClasses.CompleteOrderTest"/>
  <testcase name="verifyInvalidFlowResponseMessageForOngoing" time="0.411" classname="testClasses.CompleteOrderTest"/>
</testsuite> <!-- testClasses.CompleteOrderTest -->
